{"contracts/MultisigWallet.sol":{"l":{"91":226,"92":214,"99":39,"100":37,"107":33,"108":32,"115":36,"116":34,"123":35,"124":33,"131":29,"135":28,"142":32,"146":30,"153":32,"157":30,"165":26,"169":25,"177":29,"181":27,"189":27,"193":25,"201":21,"205":20,"214":24,"218":22,"226":226,"227":225,"233":224,"234":1336,"236":1336,"237":1335,"239":1334,"240":1334,"243":222,"248":45,"271":19,"272":18,"284":18,"306":31,"307":31,"308":30,"309":30,"310":30,"311":30,"312":6,"314":6,"318":6,"320":5,"342":3,"343":2,"344":1,"345":1,"346":1,"370":21,"371":20,"375":19,"376":18,"377":18,"387":18,"409":27,"410":27,"411":26,"412":26,"413":26,"414":26,"415":5,"416":5,"417":5,"418":5,"419":5,"420":5,"421":1,"423":5,"446":3,"450":2,"454":1,"455":1,"456":1,"480":21,"481":20,"485":19,"486":18,"487":18,"497":18,"520":24,"521":24,"522":23,"523":23,"524":23,"525":23,"526":5,"527":5,"528":5,"529":5,"530":5,"531":5,"542":5,"543":5,"544":25,"545":5,"546":5,"549":5,"550":5,"551":5,"552":1,"576":3,"580":2,"584":1,"585":1,"586":1,"613":20,"614":19,"618":17,"619":16,"629":16,"655":19,"656":19,"657":18,"658":18,"659":18,"660":18,"661":3,"662":3,"663":3,"664":3,"691":3,"695":2,"699":1,"700":1,"701":1,"708":2},"path":"/home/mikhil/work/MD/multisig-wallet/contracts/MultisigWallet.sol","s":{"1":226,"2":39,"3":33,"4":36,"5":35,"6":29,"7":32,"8":32,"9":26,"10":29,"11":27,"12":21,"13":24,"14":226,"15":225,"16":224,"17":1336,"18":1336,"19":1335,"20":1334,"21":19,"22":18,"23":18,"24":31,"25":31,"26":30,"27":30,"28":6,"29":6,"30":5,"31":3,"32":2,"33":1,"34":21,"35":20,"36":19,"37":18,"38":18,"39":27,"40":27,"41":26,"42":26,"43":5,"44":5,"45":5,"46":5,"47":3,"48":2,"49":1,"50":21,"51":20,"52":19,"53":18,"54":18,"55":24,"56":24,"57":23,"58":23,"59":5,"60":5,"61":5,"62":5,"63":5,"64":25,"65":5,"66":5,"67":3,"68":2,"69":1,"70":20,"71":19,"72":17,"73":16,"74":16,"75":19,"76":19,"77":18,"78":18,"79":3,"80":3,"81":3,"82":2,"83":1,"84":2},"b":{"1":[214,12],"2":[37,2],"3":[32,1],"4":[34,2],"5":[33,2],"6":[28,1],"7":[30,2],"8":[30,2],"9":[25,1],"10":[27,2],"11":[25,2],"12":[20,1],"13":[22,2],"14":[225,1],"15":[224,1],"16":[1335,1],"17":[1334,1],"18":[19,1],"19":[19,0],"20":[18,1],"21":[34,1],"22":[33,1],"23":[32,1],"24":[31,1],"25":[31,0],"26":[30,1],"27":[6,24],"28":[5,1],"29":[5,1],"30":[4,1],"31":[3,1],"32":[3,0],"33":[2,1],"34":[1,1],"35":[21,1],"36":[21,0],"37":[20,1],"38":[19,1],"39":[18,1],"40":[30,1],"41":[29,1],"42":[28,1],"43":[27,1],"44":[27,0],"45":[26,1],"46":[5,21],"47":[1,4],"48":[5,1],"49":[4,1],"50":[3,1],"51":[3,0],"52":[2,1],"53":[1,1],"54":[21,1],"55":[21,0],"56":[20,1],"57":[19,1],"58":[18,1],"59":[27,1],"60":[26,1],"61":[25,1],"62":[24,1],"63":[24,0],"64":[23,1],"65":[5,18],"66":[5,20],"67":[1,4],"68":[5,1],"69":[4,1],"70":[3,1],"71":[3,0],"72":[2,1],"73":[1,1],"74":[20,1],"75":[20,0],"76":[19,1],"77":[17,2],"78":[16,1],"79":[22,1],"80":[21,1],"81":[20,1],"82":[19,1],"83":[19,0],"84":[18,1],"85":[3,15],"86":[5,1],"87":[4,1],"88":[3,1],"89":[3,0],"90":[2,1],"91":[1,1]},"f":{"1":226,"2":39,"3":33,"4":36,"5":35,"6":29,"7":32,"8":32,"9":26,"10":29,"11":27,"12":21,"13":24,"14":226,"15":19,"16":31,"17":3,"18":21,"19":27,"20":3,"21":21,"22":24,"23":5,"24":3,"25":20,"26":19,"27":3,"28":2},"fnMap":{"1":{"name":"onlyOwner","line":90,"loc":{"start":{"line":90,"column":4},"end":{"line":93,"column":4}}},"2":{"name":"txExists","line":98,"loc":{"start":{"line":98,"column":4},"end":{"line":101,"column":4}}},"3":{"name":"notApproved","line":106,"loc":{"start":{"line":106,"column":4},"end":{"line":109,"column":4}}},"4":{"name":"notExecuted","line":114,"loc":{"start":{"line":114,"column":4},"end":{"line":117,"column":4}}},"5":{"name":"candidateExists","line":122,"loc":{"start":{"line":122,"column":4},"end":{"line":125,"column":4}}},"6":{"name":"notSupported","line":130,"loc":{"start":{"line":130,"column":4},"end":{"line":136,"column":4}}},"7":{"name":"notElected","line":141,"loc":{"start":{"line":141,"column":4},"end":{"line":147,"column":4}}},"8":{"name":"removalProposalExists","line":152,"loc":{"start":{"line":152,"column":4},"end":{"line":158,"column":4}}},"9":{"name":"notSupportedRemoval","line":164,"loc":{"start":{"line":164,"column":4},"end":{"line":170,"column":4}}},"10":{"name":"notRemoved","line":176,"loc":{"start":{"line":176,"column":4},"end":{"line":182,"column":4}}},"11":{"name":"newRequiredVotesExists","line":188,"loc":{"start":{"line":188,"column":4},"end":{"line":194,"column":4}}},"12":{"name":"notApprovedRequiredVotes","line":200,"loc":{"start":{"line":200,"column":4},"end":{"line":206,"column":4}}},"13":{"name":"notChanged","line":213,"loc":{"start":{"line":213,"column":4},"end":{"line":219,"column":4}}},"14":{"name":"constructor","line":225,"loc":{"start":{"line":225,"column":4},"end":{"line":244,"column":4}}},"15":{"name":"submitTransaction","line":270,"loc":{"start":{"line":265,"column":4},"end":{"line":285,"column":4}}},"16":{"name":"confirmTransaction","line":304,"loc":{"start":{"line":298,"column":4},"end":{"line":322,"column":4}}},"17":{"name":"revokeConfirmation","line":340,"loc":{"start":{"line":335,"column":4},"end":{"line":347,"column":4}}},"18":{"name":"addOwnerCandidate","line":368,"loc":{"start":{"line":365,"column":4},"end":{"line":388,"column":4}}},"19":{"name":"voteCandidate","line":407,"loc":{"start":{"line":401,"column":4},"end":{"line":425,"column":4}}},"20":{"name":"revokeVote","line":444,"loc":{"start":{"line":439,"column":4},"end":{"line":457,"column":4}}},"21":{"name":"removeOwner","line":478,"loc":{"start":{"line":475,"column":4},"end":{"line":498,"column":4}}},"22":{"name":"voteRemovalProposal","line":518,"loc":{"start":{"line":512,"column":4},"end":{"line":533,"column":4}}},"23":{"name":"_removeOwner","line":541,"loc":{"start":{"line":541,"column":4},"end":{"line":554,"column":4}}},"24":{"name":"revokeRemovalSupport","line":574,"loc":{"start":{"line":569,"column":4},"end":{"line":587,"column":4}}},"25":{"name":"addNewRequiredVotes","line":611,"loc":{"start":{"line":608,"column":4},"end":{"line":630,"column":4}}},"26":{"name":"approveNewRequiredVotes","line":653,"loc":{"start":{"line":647,"column":4},"end":{"line":666,"column":4}}},"27":{"name":"revokeNewRequiredVotes","line":689,"loc":{"start":{"line":684,"column":4},"end":{"line":702,"column":4}}},"28":{"name":"getCurrentTime","line":707,"loc":{"start":{"line":707,"column":4},"end":{"line":709,"column":4}}}},"statementMap":{"1":{"start":{"line":91,"column":8},"end":{"line":91,"column":48}},"2":{"start":{"line":99,"column":8},"end":{"line":99,"column":65}},"3":{"start":{"line":107,"column":8},"end":{"line":107,"column":67}},"4":{"start":{"line":115,"column":8},"end":{"line":115,"column":68}},"5":{"start":{"line":123,"column":8},"end":{"line":123,"column":77}},"6":{"start":{"line":131,"column":8},"end":{"line":131,"column":4210}},"7":{"start":{"line":142,"column":8},"end":{"line":142,"column":4518}},"8":{"start":{"line":153,"column":8},"end":{"line":153,"column":4828}},"9":{"start":{"line":165,"column":8},"end":{"line":165,"column":5176}},"10":{"start":{"line":177,"column":8},"end":{"line":177,"column":5537}},"11":{"start":{"line":189,"column":8},"end":{"line":189,"column":5870}},"12":{"start":{"line":201,"column":8},"end":{"line":201,"column":6251}},"13":{"start":{"line":214,"column":8},"end":{"line":214,"column":6649}},"14":{"start":{"line":226,"column":8},"end":{"line":226,"column":53}},"15":{"start":{"line":227,"column":8},"end":{"line":227,"column":7076}},"16":{"start":{"line":233,"column":8},"end":{"line":233,"column":7251}},"17":{"start":{"line":234,"column":12},"end":{"line":234,"column":38}},"18":{"start":{"line":236,"column":12},"end":{"line":236,"column":58}},"19":{"start":{"line":237,"column":12},"end":{"line":237,"column":58}},"20":{"start":{"line":240,"column":12},"end":{"line":240,"column":29}},"21":{"start":{"line":271,"column":8},"end":{"line":271,"column":55}},"22":{"start":{"line":272,"column":8},"end":{"line":272,"column":8581}},"23":{"start":{"line":284,"column":8},"end":{"line":284,"column":55}},"24":{"start":{"line":306,"column":8},"end":{"line":306,"column":61}},"25":{"start":{"line":307,"column":8},"end":{"line":307,"column":66}},"26":{"start":{"line":310,"column":8},"end":{"line":310,"column":50}},"27":{"start":{"line":311,"column":8},"end":{"line":311,"column":9908}},"28":{"start":{"line":314,"column":12},"end":{"line":314,"column":10016}},"29":{"start":{"line":318,"column":12},"end":{"line":318,"column":40}},"30":{"start":{"line":320,"column":12},"end":{"line":320,"column":42}},"31":{"start":{"line":342,"column":8},"end":{"line":342,"column":74}},"32":{"start":{"line":343,"column":8},"end":{"line":343,"column":62}},"33":{"start":{"line":346,"column":8},"end":{"line":346,"column":49}},"34":{"start":{"line":370,"column":8},"end":{"line":370,"column":56}},"35":{"start":{"line":371,"column":8},"end":{"line":371,"column":12010}},"36":{"start":{"line":375,"column":8},"end":{"line":375,"column":55}},"37":{"start":{"line":377,"column":8},"end":{"line":377,"column":12240}},"38":{"start":{"line":387,"column":8},"end":{"line":387,"column":51}},"39":{"start":{"line":409,"column":8},"end":{"line":409,"column":62}},"40":{"start":{"line":410,"column":8},"end":{"line":410,"column":64}},"41":{"start":{"line":413,"column":8},"end":{"line":413,"column":55}},"42":{"start":{"line":414,"column":8},"end":{"line":414,"column":13614}},"43":{"start":{"line":416,"column":12},"end":{"line":416,"column":57}},"44":{"start":{"line":417,"column":12},"end":{"line":417,"column":32}},"45":{"start":{"line":420,"column":12},"end":{"line":420,"column":13900}},"46":{"start":{"line":423,"column":12},"end":{"line":423,"column":54}},"47":{"start":{"line":446,"column":8},"end":{"line":446,"column":14773}},"48":{"start":{"line":450,"column":8},"end":{"line":450,"column":14889}},"49":{"start":{"line":456,"column":8},"end":{"line":456,"column":52}},"50":{"start":{"line":480,"column":8},"end":{"line":480,"column":47}},"51":{"start":{"line":481,"column":8},"end":{"line":481,"column":16042}},"52":{"start":{"line":485,"column":8},"end":{"line":485,"column":55}},"53":{"start":{"line":487,"column":8},"end":{"line":487,"column":16286}},"54":{"start":{"line":497,"column":8},"end":{"line":497,"column":55}},"55":{"start":{"line":520,"column":8},"end":{"line":520,"column":73}},"56":{"start":{"line":521,"column":8},"end":{"line":521,"column":63}},"57":{"start":{"line":524,"column":8},"end":{"line":524,"column":52}},"58":{"start":{"line":525,"column":8},"end":{"line":525,"column":17714}},"59":{"start":{"line":527,"column":12},"end":{"line":527,"column":52}},"60":{"start":{"line":528,"column":12},"end":{"line":528,"column":33}},"61":{"start":{"line":531,"column":12},"end":{"line":531,"column":52}},"62":{"start":{"line":542,"column":8},"end":{"line":542,"column":21}},"63":{"start":{"line":543,"column":8},"end":{"line":543,"column":18382}},"64":{"start":{"line":544,"column":12},"end":{"line":544,"column":18440}},"65":{"start":{"line":550,"column":8},"end":{"line":550,"column":19}},"66":{"start":{"line":551,"column":8},"end":{"line":551,"column":18618}},"67":{"start":{"line":576,"column":8},"end":{"line":576,"column":19451}},"68":{"start":{"line":580,"column":8},"end":{"line":580,"column":19572}},"69":{"start":{"line":586,"column":8},"end":{"line":586,"column":52}},"70":{"start":{"line":613,"column":8},"end":{"line":613,"column":72}},"71":{"start":{"line":614,"column":8},"end":{"line":614,"column":21002}},"72":{"start":{"line":618,"column":8},"end":{"line":618,"column":55}},"73":{"start":{"line":619,"column":8},"end":{"line":619,"column":21216}},"74":{"start":{"line":629,"column":8},"end":{"line":629,"column":70}},"75":{"start":{"line":655,"column":8},"end":{"line":655,"column":78}},"76":{"start":{"line":656,"column":8},"end":{"line":656,"column":63}},"77":{"start":{"line":659,"column":8},"end":{"line":659,"column":61}},"78":{"start":{"line":660,"column":8},"end":{"line":660,"column":22837}},"79":{"start":{"line":662,"column":12},"end":{"line":662,"column":56}},"80":{"start":{"line":664,"column":12},"end":{"line":664,"column":60}},"81":{"start":{"line":691,"column":8},"end":{"line":691,"column":23990}},"82":{"start":{"line":695,"column":8},"end":{"line":695,"column":24117}},"83":{"start":{"line":701,"column":8},"end":{"line":701,"column":60}},"84":{"start":{"line":708,"column":8},"end":{"line":708,"column":30}}},"branchMap":{"1":{"line":91,"type":"if","locations":[{"start":{"line":91,"column":8},"end":{"line":91,"column":8}},{"start":{"line":91,"column":8},"end":{"line":91,"column":8}}]},"2":{"line":99,"type":"if","locations":[{"start":{"line":99,"column":8},"end":{"line":99,"column":8}},{"start":{"line":99,"column":8},"end":{"line":99,"column":8}}]},"3":{"line":107,"type":"if","locations":[{"start":{"line":107,"column":8},"end":{"line":107,"column":8}},{"start":{"line":107,"column":8},"end":{"line":107,"column":8}}]},"4":{"line":115,"type":"if","locations":[{"start":{"line":115,"column":8},"end":{"line":115,"column":8}},{"start":{"line":115,"column":8},"end":{"line":115,"column":8}}]},"5":{"line":123,"type":"if","locations":[{"start":{"line":123,"column":8},"end":{"line":123,"column":8}},{"start":{"line":123,"column":8},"end":{"line":123,"column":8}}]},"6":{"line":131,"type":"if","locations":[{"start":{"line":131,"column":8},"end":{"line":131,"column":8}},{"start":{"line":131,"column":8},"end":{"line":131,"column":8}}]},"7":{"line":142,"type":"if","locations":[{"start":{"line":142,"column":8},"end":{"line":142,"column":8}},{"start":{"line":142,"column":8},"end":{"line":142,"column":8}}]},"8":{"line":153,"type":"if","locations":[{"start":{"line":153,"column":8},"end":{"line":153,"column":8}},{"start":{"line":153,"column":8},"end":{"line":153,"column":8}}]},"9":{"line":165,"type":"if","locations":[{"start":{"line":165,"column":8},"end":{"line":165,"column":8}},{"start":{"line":165,"column":8},"end":{"line":165,"column":8}}]},"10":{"line":177,"type":"if","locations":[{"start":{"line":177,"column":8},"end":{"line":177,"column":8}},{"start":{"line":177,"column":8},"end":{"line":177,"column":8}}]},"11":{"line":189,"type":"if","locations":[{"start":{"line":189,"column":8},"end":{"line":189,"column":8}},{"start":{"line":189,"column":8},"end":{"line":189,"column":8}}]},"12":{"line":201,"type":"if","locations":[{"start":{"line":201,"column":8},"end":{"line":201,"column":8}},{"start":{"line":201,"column":8},"end":{"line":201,"column":8}}]},"13":{"line":214,"type":"if","locations":[{"start":{"line":214,"column":8},"end":{"line":214,"column":8}},{"start":{"line":214,"column":8},"end":{"line":214,"column":8}}]},"14":{"line":226,"type":"if","locations":[{"start":{"line":226,"column":8},"end":{"line":226,"column":8}},{"start":{"line":226,"column":8},"end":{"line":226,"column":8}}]},"15":{"line":227,"type":"if","locations":[{"start":{"line":227,"column":8},"end":{"line":227,"column":8}},{"start":{"line":227,"column":8},"end":{"line":227,"column":8}}]},"16":{"line":236,"type":"if","locations":[{"start":{"line":236,"column":12},"end":{"line":236,"column":12}},{"start":{"line":236,"column":12},"end":{"line":236,"column":12}}]},"17":{"line":237,"type":"if","locations":[{"start":{"line":237,"column":12},"end":{"line":237,"column":12}},{"start":{"line":237,"column":12},"end":{"line":237,"column":12}}]},"18":{"line":270,"type":"if","locations":[{"start":{"line":270,"column":15},"end":{"line":270,"column":15}},{"start":{"line":270,"column":15},"end":{"line":270,"column":15}}]},"19":{"line":270,"type":"if","locations":[{"start":{"line":270,"column":25},"end":{"line":270,"column":25}},{"start":{"line":270,"column":25},"end":{"line":270,"column":25}}]},"20":{"line":271,"type":"if","locations":[{"start":{"line":271,"column":8},"end":{"line":271,"column":8}},{"start":{"line":271,"column":8},"end":{"line":271,"column":8}}]},"21":{"line":300,"type":"if","locations":[{"start":{"line":300,"column":8},"end":{"line":300,"column":8}},{"start":{"line":300,"column":8},"end":{"line":300,"column":8}}]},"22":{"line":301,"type":"if","locations":[{"start":{"line":301,"column":8},"end":{"line":301,"column":8}},{"start":{"line":301,"column":8},"end":{"line":301,"column":8}}]},"23":{"line":302,"type":"if","locations":[{"start":{"line":302,"column":8},"end":{"line":302,"column":8}},{"start":{"line":302,"column":8},"end":{"line":302,"column":8}}]},"24":{"line":303,"type":"if","locations":[{"start":{"line":303,"column":8},"end":{"line":303,"column":8}},{"start":{"line":303,"column":8},"end":{"line":303,"column":8}}]},"25":{"line":304,"type":"if","locations":[{"start":{"line":304,"column":8},"end":{"line":304,"column":8}},{"start":{"line":304,"column":8},"end":{"line":304,"column":8}}]},"26":{"line":307,"type":"if","locations":[{"start":{"line":307,"column":8},"end":{"line":307,"column":8}},{"start":{"line":307,"column":8},"end":{"line":307,"column":8}}]},"27":{"line":311,"type":"if","locations":[{"start":{"line":311,"column":8},"end":{"line":311,"column":8}},{"start":{"line":311,"column":8},"end":{"line":311,"column":8}}]},"28":{"line":318,"type":"if","locations":[{"start":{"line":318,"column":12},"end":{"line":318,"column":12}},{"start":{"line":318,"column":12},"end":{"line":318,"column":12}}]},"29":{"line":337,"type":"if","locations":[{"start":{"line":337,"column":8},"end":{"line":337,"column":8}},{"start":{"line":337,"column":8},"end":{"line":337,"column":8}}]},"30":{"line":338,"type":"if","locations":[{"start":{"line":338,"column":8},"end":{"line":338,"column":8}},{"start":{"line":338,"column":8},"end":{"line":338,"column":8}}]},"31":{"line":339,"type":"if","locations":[{"start":{"line":339,"column":8},"end":{"line":339,"column":8}},{"start":{"line":339,"column":8},"end":{"line":339,"column":8}}]},"32":{"line":340,"type":"if","locations":[{"start":{"line":340,"column":8},"end":{"line":340,"column":8}},{"start":{"line":340,"column":8},"end":{"line":340,"column":8}}]},"33":{"line":342,"type":"if","locations":[{"start":{"line":342,"column":8},"end":{"line":342,"column":8}},{"start":{"line":342,"column":8},"end":{"line":342,"column":8}}]},"34":{"line":343,"type":"if","locations":[{"start":{"line":343,"column":8},"end":{"line":343,"column":8}},{"start":{"line":343,"column":8},"end":{"line":343,"column":8}}]},"35":{"line":367,"type":"if","locations":[{"start":{"line":367,"column":8},"end":{"line":367,"column":8}},{"start":{"line":367,"column":8},"end":{"line":367,"column":8}}]},"36":{"line":368,"type":"if","locations":[{"start":{"line":368,"column":8},"end":{"line":368,"column":8}},{"start":{"line":368,"column":8},"end":{"line":368,"column":8}}]},"37":{"line":370,"type":"if","locations":[{"start":{"line":370,"column":8},"end":{"line":370,"column":8}},{"start":{"line":370,"column":8},"end":{"line":370,"column":8}}]},"38":{"line":371,"type":"if","locations":[{"start":{"line":371,"column":8},"end":{"line":371,"column":8}},{"start":{"line":371,"column":8},"end":{"line":371,"column":8}}]},"39":{"line":375,"type":"if","locations":[{"start":{"line":375,"column":8},"end":{"line":375,"column":8}},{"start":{"line":375,"column":8},"end":{"line":375,"column":8}}]},"40":{"line":403,"type":"if","locations":[{"start":{"line":403,"column":8},"end":{"line":403,"column":8}},{"start":{"line":403,"column":8},"end":{"line":403,"column":8}}]},"41":{"line":404,"type":"if","locations":[{"start":{"line":404,"column":8},"end":{"line":404,"column":8}},{"start":{"line":404,"column":8},"end":{"line":404,"column":8}}]},"42":{"line":405,"type":"if","locations":[{"start":{"line":405,"column":8},"end":{"line":405,"column":8}},{"start":{"line":405,"column":8},"end":{"line":405,"column":8}}]},"43":{"line":406,"type":"if","locations":[{"start":{"line":406,"column":8},"end":{"line":406,"column":8}},{"start":{"line":406,"column":8},"end":{"line":406,"column":8}}]},"44":{"line":407,"type":"if","locations":[{"start":{"line":407,"column":8},"end":{"line":407,"column":8}},{"start":{"line":407,"column":8},"end":{"line":407,"column":8}}]},"45":{"line":410,"type":"if","locations":[{"start":{"line":410,"column":8},"end":{"line":410,"column":8}},{"start":{"line":410,"column":8},"end":{"line":410,"column":8}}]},"46":{"line":414,"type":"if","locations":[{"start":{"line":414,"column":8},"end":{"line":414,"column":8}},{"start":{"line":414,"column":8},"end":{"line":414,"column":8}}]},"47":{"line":420,"type":"if","locations":[{"start":{"line":420,"column":12},"end":{"line":420,"column":12}},{"start":{"line":420,"column":12},"end":{"line":420,"column":12}}]},"48":{"line":441,"type":"if","locations":[{"start":{"line":441,"column":8},"end":{"line":441,"column":8}},{"start":{"line":441,"column":8},"end":{"line":441,"column":8}}]},"49":{"line":442,"type":"if","locations":[{"start":{"line":442,"column":8},"end":{"line":442,"column":8}},{"start":{"line":442,"column":8},"end":{"line":442,"column":8}}]},"50":{"line":443,"type":"if","locations":[{"start":{"line":443,"column":8},"end":{"line":443,"column":8}},{"start":{"line":443,"column":8},"end":{"line":443,"column":8}}]},"51":{"line":444,"type":"if","locations":[{"start":{"line":444,"column":8},"end":{"line":444,"column":8}},{"start":{"line":444,"column":8},"end":{"line":444,"column":8}}]},"52":{"line":446,"type":"if","locations":[{"start":{"line":446,"column":8},"end":{"line":446,"column":8}},{"start":{"line":446,"column":8},"end":{"line":446,"column":8}}]},"53":{"line":450,"type":"if","locations":[{"start":{"line":450,"column":8},"end":{"line":450,"column":8}},{"start":{"line":450,"column":8},"end":{"line":450,"column":8}}]},"54":{"line":477,"type":"if","locations":[{"start":{"line":477,"column":8},"end":{"line":477,"column":8}},{"start":{"line":477,"column":8},"end":{"line":477,"column":8}}]},"55":{"line":478,"type":"if","locations":[{"start":{"line":478,"column":8},"end":{"line":478,"column":8}},{"start":{"line":478,"column":8},"end":{"line":478,"column":8}}]},"56":{"line":480,"type":"if","locations":[{"start":{"line":480,"column":8},"end":{"line":480,"column":8}},{"start":{"line":480,"column":8},"end":{"line":480,"column":8}}]},"57":{"line":481,"type":"if","locations":[{"start":{"line":481,"column":8},"end":{"line":481,"column":8}},{"start":{"line":481,"column":8},"end":{"line":481,"column":8}}]},"58":{"line":485,"type":"if","locations":[{"start":{"line":485,"column":8},"end":{"line":485,"column":8}},{"start":{"line":485,"column":8},"end":{"line":485,"column":8}}]},"59":{"line":514,"type":"if","locations":[{"start":{"line":514,"column":8},"end":{"line":514,"column":8}},{"start":{"line":514,"column":8},"end":{"line":514,"column":8}}]},"60":{"line":515,"type":"if","locations":[{"start":{"line":515,"column":8},"end":{"line":515,"column":8}},{"start":{"line":515,"column":8},"end":{"line":515,"column":8}}]},"61":{"line":516,"type":"if","locations":[{"start":{"line":516,"column":8},"end":{"line":516,"column":8}},{"start":{"line":516,"column":8},"end":{"line":516,"column":8}}]},"62":{"line":517,"type":"if","locations":[{"start":{"line":517,"column":8},"end":{"line":517,"column":8}},{"start":{"line":517,"column":8},"end":{"line":517,"column":8}}]},"63":{"line":518,"type":"if","locations":[{"start":{"line":518,"column":8},"end":{"line":518,"column":8}},{"start":{"line":518,"column":8},"end":{"line":518,"column":8}}]},"64":{"line":521,"type":"if","locations":[{"start":{"line":521,"column":8},"end":{"line":521,"column":8}},{"start":{"line":521,"column":8},"end":{"line":521,"column":8}}]},"65":{"line":525,"type":"if","locations":[{"start":{"line":525,"column":8},"end":{"line":525,"column":8}},{"start":{"line":525,"column":8},"end":{"line":525,"column":8}}]},"66":{"line":544,"type":"if","locations":[{"start":{"line":544,"column":12},"end":{"line":544,"column":12}},{"start":{"line":544,"column":12},"end":{"line":544,"column":12}}]},"67":{"line":551,"type":"if","locations":[{"start":{"line":551,"column":8},"end":{"line":551,"column":8}},{"start":{"line":551,"column":8},"end":{"line":551,"column":8}}]},"68":{"line":571,"type":"if","locations":[{"start":{"line":571,"column":8},"end":{"line":571,"column":8}},{"start":{"line":571,"column":8},"end":{"line":571,"column":8}}]},"69":{"line":572,"type":"if","locations":[{"start":{"line":572,"column":8},"end":{"line":572,"column":8}},{"start":{"line":572,"column":8},"end":{"line":572,"column":8}}]},"70":{"line":573,"type":"if","locations":[{"start":{"line":573,"column":8},"end":{"line":573,"column":8}},{"start":{"line":573,"column":8},"end":{"line":573,"column":8}}]},"71":{"line":574,"type":"if","locations":[{"start":{"line":574,"column":8},"end":{"line":574,"column":8}},{"start":{"line":574,"column":8},"end":{"line":574,"column":8}}]},"72":{"line":576,"type":"if","locations":[{"start":{"line":576,"column":8},"end":{"line":576,"column":8}},{"start":{"line":576,"column":8},"end":{"line":576,"column":8}}]},"73":{"line":580,"type":"if","locations":[{"start":{"line":580,"column":8},"end":{"line":580,"column":8}},{"start":{"line":580,"column":8},"end":{"line":580,"column":8}}]},"74":{"line":610,"type":"if","locations":[{"start":{"line":610,"column":8},"end":{"line":610,"column":8}},{"start":{"line":610,"column":8},"end":{"line":610,"column":8}}]},"75":{"line":611,"type":"if","locations":[{"start":{"line":611,"column":8},"end":{"line":611,"column":8}},{"start":{"line":611,"column":8},"end":{"line":611,"column":8}}]},"76":{"line":613,"type":"if","locations":[{"start":{"line":613,"column":8},"end":{"line":613,"column":8}},{"start":{"line":613,"column":8},"end":{"line":613,"column":8}}]},"77":{"line":614,"type":"if","locations":[{"start":{"line":614,"column":8},"end":{"line":614,"column":8}},{"start":{"line":614,"column":8},"end":{"line":614,"column":8}}]},"78":{"line":618,"type":"if","locations":[{"start":{"line":618,"column":8},"end":{"line":618,"column":8}},{"start":{"line":618,"column":8},"end":{"line":618,"column":8}}]},"79":{"line":649,"type":"if","locations":[{"start":{"line":649,"column":8},"end":{"line":649,"column":8}},{"start":{"line":649,"column":8},"end":{"line":649,"column":8}}]},"80":{"line":650,"type":"if","locations":[{"start":{"line":650,"column":8},"end":{"line":650,"column":8}},{"start":{"line":650,"column":8},"end":{"line":650,"column":8}}]},"81":{"line":651,"type":"if","locations":[{"start":{"line":651,"column":8},"end":{"line":651,"column":8}},{"start":{"line":651,"column":8},"end":{"line":651,"column":8}}]},"82":{"line":652,"type":"if","locations":[{"start":{"line":652,"column":8},"end":{"line":652,"column":8}},{"start":{"line":652,"column":8},"end":{"line":652,"column":8}}]},"83":{"line":653,"type":"if","locations":[{"start":{"line":653,"column":8},"end":{"line":653,"column":8}},{"start":{"line":653,"column":8},"end":{"line":653,"column":8}}]},"84":{"line":656,"type":"if","locations":[{"start":{"line":656,"column":8},"end":{"line":656,"column":8}},{"start":{"line":656,"column":8},"end":{"line":656,"column":8}}]},"85":{"line":660,"type":"if","locations":[{"start":{"line":660,"column":8},"end":{"line":660,"column":8}},{"start":{"line":660,"column":8},"end":{"line":660,"column":8}}]},"86":{"line":686,"type":"if","locations":[{"start":{"line":686,"column":8},"end":{"line":686,"column":8}},{"start":{"line":686,"column":8},"end":{"line":686,"column":8}}]},"87":{"line":687,"type":"if","locations":[{"start":{"line":687,"column":8},"end":{"line":687,"column":8}},{"start":{"line":687,"column":8},"end":{"line":687,"column":8}}]},"88":{"line":688,"type":"if","locations":[{"start":{"line":688,"column":8},"end":{"line":688,"column":8}},{"start":{"line":688,"column":8},"end":{"line":688,"column":8}}]},"89":{"line":689,"type":"if","locations":[{"start":{"line":689,"column":8},"end":{"line":689,"column":8}},{"start":{"line":689,"column":8},"end":{"line":689,"column":8}}]},"90":{"line":691,"type":"if","locations":[{"start":{"line":691,"column":8},"end":{"line":691,"column":8}},{"start":{"line":691,"column":8},"end":{"line":691,"column":8}}]},"91":{"line":695,"type":"if","locations":[{"start":{"line":695,"column":8},"end":{"line":695,"column":8}},{"start":{"line":695,"column":8},"end":{"line":695,"column":8}}]}}}}