{"contracts/MultisigWallet.sol":{"l":{"107":128,"108":121,"115":46,"119":44,"126":40,"130":39,"137":43,"141":41,"148":30,"152":28,"159":24,"163":23,"170":27,"174":25,"181":0,"185":0,"193":0,"197":0,"205":0,"209":0,"217":0,"221":0,"229":0,"233":0,"242":0,"246":0,"254":157,"255":156,"261":155,"262":925,"264":925,"265":924,"267":923,"268":923,"271":153,"276":9,"299":20,"300":19,"312":19,"334":38,"335":38,"336":37,"337":37,"338":37,"339":37,"340":8,"344":8,"346":7,"348":7,"370":3,"374":2,"378":1,"379":1,"380":1,"404":20,"405":19,"406":18,"410":17,"411":16,"412":16,"422":16,"444":22,"445":22,"446":21,"447":21,"448":21,"449":21,"450":4,"451":4,"452":4,"453":4,"454":4,"455":4,"456":1,"458":4,"481":3,"485":2,"489":1,"490":1,"491":1,"515":5,"516":4,"520":3,"521":2,"522":2,"532":2,"555":0,"556":0,"557":0,"558":0,"559":0,"560":0,"561":0,"562":0,"563":0,"564":0,"565":0,"566":0,"577":0,"578":0,"579":0,"580":0,"581":0,"584":0,"585":0,"586":0,"587":0,"611":0,"615":0,"619":0,"620":0,"621":0,"648":0,"649":0,"653":0,"654":0,"664":0,"690":0,"691":0,"692":0,"693":0,"694":0,"695":0,"696":0,"697":0,"698":0,"699":0,"726":0,"730":0,"734":0,"735":0,"736":0},"path":"/home/mikhil/work/MD/multisig-wallet/contracts/MultisigWallet.sol","s":{"1":128,"2":46,"3":40,"4":43,"5":30,"6":24,"7":27,"8":0,"9":0,"10":0,"11":0,"12":0,"13":0,"14":157,"15":156,"16":155,"17":925,"18":925,"19":924,"20":923,"21":20,"22":19,"23":19,"24":38,"25":38,"26":37,"27":37,"28":8,"29":8,"30":7,"31":3,"32":2,"33":1,"34":20,"35":19,"36":18,"37":17,"38":16,"39":16,"40":22,"41":22,"42":21,"43":21,"44":4,"45":4,"46":4,"47":4,"48":3,"49":2,"50":1,"51":5,"52":4,"53":3,"54":2,"55":2,"56":0,"57":0,"58":0,"59":0,"60":0,"61":0,"62":0,"63":0,"64":0,"65":0,"66":0,"67":0,"68":0,"69":0,"70":0,"71":0,"72":0,"73":0,"74":0,"75":0,"76":0,"77":0,"78":0,"79":0,"80":0,"81":0,"82":0,"83":0,"84":0},"b":{"1":[121,7],"2":[44,2],"3":[39,1],"4":[41,2],"5":[28,2],"6":[23,1],"7":[25,2],"8":[0,0],"9":[0,0],"10":[0,0],"11":[0,0],"12":[0,0],"13":[0,0],"14":[156,1],"15":[155,1],"16":[924,1],"17":[923,1],"18":[20,1],"19":[20,0],"20":[19,1],"21":[41,1],"22":[40,1],"23":[39,1],"24":[38,1],"25":[38,0],"26":[37,1],"27":[8,29],"28":[7,1],"29":[5,1],"30":[4,1],"31":[3,1],"32":[3,0],"33":[2,1],"34":[1,1],"35":[20,1],"36":[20,0],"37":[19,1],"38":[18,1],"39":[17,1],"40":[16,1],"41":[25,1],"42":[24,1],"43":[23,1],"44":[22,1],"45":[22,0],"46":[21,1],"47":[4,17],"48":[1,3],"49":[5,1],"50":[4,1],"51":[3,1],"52":[3,0],"53":[2,1],"54":[1,1],"55":[5,1],"56":[5,0],"57":[4,1],"58":[3,1],"59":[2,1],"60":[0,0],"61":[0,0],"62":[0,0],"63":[0,0],"64":[0,0],"65":[0,0],"66":[0,0],"67":[0,0],"68":[0,0],"69":[0,0],"70":[0,0],"71":[0,0],"72":[0,0],"73":[0,0],"74":[0,0],"75":[0,0],"76":[0,0],"77":[0,0],"78":[0,0],"79":[0,0],"80":[0,0],"81":[0,0],"82":[0,0],"83":[0,0],"84":[0,0],"85":[0,0],"86":[0,0],"87":[0,0],"88":[0,0],"89":[0,0],"90":[0,0],"91":[0,0],"92":[0,0]},"f":{"1":128,"2":46,"3":40,"4":43,"5":30,"6":24,"7":27,"8":0,"9":0,"10":0,"11":0,"12":0,"13":0,"14":157,"15":20,"16":38,"17":3,"18":20,"19":22,"20":3,"21":5,"22":0,"23":0,"24":0,"25":0,"26":0,"27":0},"fnMap":{"1":{"name":"onlyOwner","line":106,"loc":{"start":{"line":106,"column":4},"end":{"line":109,"column":4}}},"2":{"name":"transactionProposalExists","line":114,"loc":{"start":{"line":114,"column":4},"end":{"line":120,"column":4}}},"3":{"name":"transactionProposalNotSupported","line":125,"loc":{"start":{"line":125,"column":4},"end":{"line":131,"column":4}}},"4":{"name":"transactionNotExecuted","line":136,"loc":{"start":{"line":136,"column":4},"end":{"line":142,"column":4}}},"5":{"name":"candidateExists","line":147,"loc":{"start":{"line":147,"column":4},"end":{"line":153,"column":4}}},"6":{"name":"candidateNotSupported","line":158,"loc":{"start":{"line":158,"column":4},"end":{"line":164,"column":4}}},"7":{"name":"candidateNotElected","line":169,"loc":{"start":{"line":169,"column":4},"end":{"line":175,"column":4}}},"8":{"name":"removalProposalExists","line":180,"loc":{"start":{"line":180,"column":4},"end":{"line":186,"column":4}}},"9":{"name":"removalProposalNotSupported","line":192,"loc":{"start":{"line":192,"column":4},"end":{"line":198,"column":4}}},"10":{"name":"ownerNotRemoved","line":204,"loc":{"start":{"line":204,"column":4},"end":{"line":210,"column":4}}},"11":{"name":"newRequiredVotesProposalExists","line":216,"loc":{"start":{"line":216,"column":4},"end":{"line":222,"column":4}}},"12":{"name":"requiredVotesProposalNotApproved","line":228,"loc":{"start":{"line":228,"column":4},"end":{"line":234,"column":4}}},"13":{"name":"requiredVotesNotChanged","line":241,"loc":{"start":{"line":241,"column":4},"end":{"line":247,"column":4}}},"14":{"name":"constructor","line":253,"loc":{"start":{"line":253,"column":4},"end":{"line":272,"column":4}}},"15":{"name":"submitTransactionProposal","line":298,"loc":{"start":{"line":293,"column":4},"end":{"line":313,"column":4}}},"16":{"name":"supportTransactionProposal","line":332,"loc":{"start":{"line":326,"column":4},"end":{"line":350,"column":4}}},"17":{"name":"opposeTransactionProposal","line":368,"loc":{"start":{"line":363,"column":4},"end":{"line":381,"column":4}}},"18":{"name":"addOwnerCandidate","line":402,"loc":{"start":{"line":399,"column":4},"end":{"line":423,"column":4}}},"19":{"name":"voteCandidate","line":442,"loc":{"start":{"line":436,"column":4},"end":{"line":460,"column":4}}},"20":{"name":"rejectCandidate","line":479,"loc":{"start":{"line":474,"column":4},"end":{"line":492,"column":4}}},"21":{"name":"removeOwner","line":513,"loc":{"start":{"line":510,"column":4},"end":{"line":533,"column":4}}},"22":{"name":"voteRemovalProposal","line":553,"loc":{"start":{"line":547,"column":4},"end":{"line":568,"column":4}}},"23":{"name":"_removeOwner","line":576,"loc":{"start":{"line":576,"column":4},"end":{"line":589,"column":4}}},"24":{"name":"revokeRemovalSupport","line":609,"loc":{"start":{"line":604,"column":4},"end":{"line":622,"column":4}}},"25":{"name":"addNewRequiredVotes","line":646,"loc":{"start":{"line":643,"column":4},"end":{"line":665,"column":4}}},"26":{"name":"approveNewRequiredVotes","line":688,"loc":{"start":{"line":682,"column":4},"end":{"line":701,"column":4}}},"27":{"name":"revokeNewRequiredVotes","line":724,"loc":{"start":{"line":719,"column":4},"end":{"line":737,"column":4}}}},"statementMap":{"1":{"start":{"line":107,"column":8},"end":{"line":107,"column":48}},"2":{"start":{"line":115,"column":8},"end":{"line":115,"column":3491}},"3":{"start":{"line":126,"column":8},"end":{"line":126,"column":3806}},"4":{"start":{"line":137,"column":8},"end":{"line":137,"column":4105}},"5":{"start":{"line":148,"column":8},"end":{"line":148,"column":4396}},"6":{"start":{"line":159,"column":8},"end":{"line":159,"column":4712}},"7":{"start":{"line":170,"column":8},"end":{"line":170,"column":5030}},"8":{"start":{"line":181,"column":8},"end":{"line":181,"column":5348}},"9":{"start":{"line":193,"column":8},"end":{"line":193,"column":5704}},"10":{"start":{"line":205,"column":8},"end":{"line":205,"column":6070}},"11":{"start":{"line":217,"column":8},"end":{"line":217,"column":6411}},"12":{"start":{"line":229,"column":8},"end":{"line":229,"column":6800}},"13":{"start":{"line":242,"column":8},"end":{"line":242,"column":7211}},"14":{"start":{"line":254,"column":8},"end":{"line":254,"column":53}},"15":{"start":{"line":255,"column":8},"end":{"line":255,"column":7638}},"16":{"start":{"line":261,"column":8},"end":{"line":261,"column":7813}},"17":{"start":{"line":262,"column":12},"end":{"line":262,"column":38}},"18":{"start":{"line":264,"column":12},"end":{"line":264,"column":55}},"19":{"start":{"line":265,"column":12},"end":{"line":265,"column":58}},"20":{"start":{"line":268,"column":12},"end":{"line":268,"column":29}},"21":{"start":{"line":299,"column":8},"end":{"line":299,"column":55}},"22":{"start":{"line":300,"column":8},"end":{"line":300,"column":9153}},"23":{"start":{"line":312,"column":8},"end":{"line":312,"column":71}},"24":{"start":{"line":334,"column":8},"end":{"line":334,"column":69}},"25":{"start":{"line":335,"column":8},"end":{"line":335,"column":66}},"26":{"start":{"line":338,"column":8},"end":{"line":338,"column":58}},"27":{"start":{"line":339,"column":8},"end":{"line":339,"column":10586}},"28":{"start":{"line":340,"column":12},"end":{"line":340,"column":10657}},"29":{"start":{"line":344,"column":12},"end":{"line":344,"column":49}},"30":{"start":{"line":348,"column":12},"end":{"line":348,"column":50}},"31":{"start":{"line":370,"column":8},"end":{"line":370,"column":11613}},"32":{"start":{"line":374,"column":8},"end":{"line":374,"column":11732}},"33":{"start":{"line":380,"column":8},"end":{"line":380,"column":57}},"34":{"start":{"line":404,"column":8},"end":{"line":404,"column":56}},"35":{"start":{"line":405,"column":8},"end":{"line":405,"column":56}},"36":{"start":{"line":406,"column":8},"end":{"line":406,"column":12925}},"37":{"start":{"line":410,"column":8},"end":{"line":410,"column":55}},"38":{"start":{"line":412,"column":8},"end":{"line":412,"column":13155}},"39":{"start":{"line":422,"column":8},"end":{"line":422,"column":67}},"40":{"start":{"line":444,"column":8},"end":{"line":444,"column":70}},"41":{"start":{"line":445,"column":8},"end":{"line":445,"column":64}},"42":{"start":{"line":448,"column":8},"end":{"line":448,"column":63}},"43":{"start":{"line":449,"column":8},"end":{"line":449,"column":14587}},"44":{"start":{"line":451,"column":12},"end":{"line":451,"column":57}},"45":{"start":{"line":452,"column":12},"end":{"line":452,"column":32}},"46":{"start":{"line":455,"column":12},"end":{"line":455,"column":14878}},"47":{"start":{"line":458,"column":12},"end":{"line":458,"column":54}},"48":{"start":{"line":481,"column":8},"end":{"line":481,"column":15775}},"49":{"start":{"line":485,"column":8},"end":{"line":485,"column":15899}},"50":{"start":{"line":491,"column":8},"end":{"line":491,"column":62}},"51":{"start":{"line":515,"column":8},"end":{"line":515,"column":47}},"52":{"start":{"line":516,"column":8},"end":{"line":516,"column":17070}},"53":{"start":{"line":520,"column":8},"end":{"line":520,"column":55}},"54":{"start":{"line":522,"column":8},"end":{"line":522,"column":17314}},"55":{"start":{"line":532,"column":8},"end":{"line":532,"column":63}},"56":{"start":{"line":555,"column":8},"end":{"line":555,"column":73}},"57":{"start":{"line":556,"column":8},"end":{"line":556,"column":63}},"58":{"start":{"line":559,"column":8},"end":{"line":559,"column":60}},"59":{"start":{"line":560,"column":8},"end":{"line":560,"column":18771}},"60":{"start":{"line":562,"column":12},"end":{"line":562,"column":52}},"61":{"start":{"line":563,"column":12},"end":{"line":563,"column":33}},"62":{"start":{"line":566,"column":12},"end":{"line":566,"column":52}},"63":{"start":{"line":577,"column":8},"end":{"line":577,"column":21}},"64":{"start":{"line":578,"column":8},"end":{"line":578,"column":19444}},"65":{"start":{"line":579,"column":12},"end":{"line":579,"column":19502}},"66":{"start":{"line":585,"column":8},"end":{"line":585,"column":19}},"67":{"start":{"line":586,"column":8},"end":{"line":586,"column":19680}},"68":{"start":{"line":611,"column":8},"end":{"line":611,"column":20528}},"69":{"start":{"line":615,"column":8},"end":{"line":615,"column":20649}},"70":{"start":{"line":621,"column":8},"end":{"line":621,"column":59}},"71":{"start":{"line":648,"column":8},"end":{"line":648,"column":77}},"72":{"start":{"line":649,"column":8},"end":{"line":649,"column":22091}},"73":{"start":{"line":653,"column":8},"end":{"line":653,"column":55}},"74":{"start":{"line":654,"column":8},"end":{"line":654,"column":22305}},"75":{"start":{"line":664,"column":8},"end":{"line":664,"column":78}},"76":{"start":{"line":690,"column":8},"end":{"line":690,"column":78}},"77":{"start":{"line":691,"column":8},"end":{"line":691,"column":63}},"78":{"start":{"line":694,"column":8},"end":{"line":694,"column":69}},"79":{"start":{"line":695,"column":8},"end":{"line":695,"column":23971}},"80":{"start":{"line":697,"column":12},"end":{"line":697,"column":56}},"81":{"start":{"line":699,"column":12},"end":{"line":699,"column":60}},"82":{"start":{"line":726,"column":8},"end":{"line":726,"column":25155}},"83":{"start":{"line":730,"column":8},"end":{"line":730,"column":25282}},"84":{"start":{"line":736,"column":8},"end":{"line":736,"column":68}}},"branchMap":{"1":{"line":107,"type":"if","locations":[{"start":{"line":107,"column":8},"end":{"line":107,"column":8}},{"start":{"line":107,"column":8},"end":{"line":107,"column":8}}]},"2":{"line":115,"type":"if","locations":[{"start":{"line":115,"column":8},"end":{"line":115,"column":8}},{"start":{"line":115,"column":8},"end":{"line":115,"column":8}}]},"3":{"line":126,"type":"if","locations":[{"start":{"line":126,"column":8},"end":{"line":126,"column":8}},{"start":{"line":126,"column":8},"end":{"line":126,"column":8}}]},"4":{"line":137,"type":"if","locations":[{"start":{"line":137,"column":8},"end":{"line":137,"column":8}},{"start":{"line":137,"column":8},"end":{"line":137,"column":8}}]},"5":{"line":148,"type":"if","locations":[{"start":{"line":148,"column":8},"end":{"line":148,"column":8}},{"start":{"line":148,"column":8},"end":{"line":148,"column":8}}]},"6":{"line":159,"type":"if","locations":[{"start":{"line":159,"column":8},"end":{"line":159,"column":8}},{"start":{"line":159,"column":8},"end":{"line":159,"column":8}}]},"7":{"line":170,"type":"if","locations":[{"start":{"line":170,"column":8},"end":{"line":170,"column":8}},{"start":{"line":170,"column":8},"end":{"line":170,"column":8}}]},"8":{"line":181,"type":"if","locations":[{"start":{"line":181,"column":8},"end":{"line":181,"column":8}},{"start":{"line":181,"column":8},"end":{"line":181,"column":8}}]},"9":{"line":193,"type":"if","locations":[{"start":{"line":193,"column":8},"end":{"line":193,"column":8}},{"start":{"line":193,"column":8},"end":{"line":193,"column":8}}]},"10":{"line":205,"type":"if","locations":[{"start":{"line":205,"column":8},"end":{"line":205,"column":8}},{"start":{"line":205,"column":8},"end":{"line":205,"column":8}}]},"11":{"line":217,"type":"if","locations":[{"start":{"line":217,"column":8},"end":{"line":217,"column":8}},{"start":{"line":217,"column":8},"end":{"line":217,"column":8}}]},"12":{"line":229,"type":"if","locations":[{"start":{"line":229,"column":8},"end":{"line":229,"column":8}},{"start":{"line":229,"column":8},"end":{"line":229,"column":8}}]},"13":{"line":242,"type":"if","locations":[{"start":{"line":242,"column":8},"end":{"line":242,"column":8}},{"start":{"line":242,"column":8},"end":{"line":242,"column":8}}]},"14":{"line":254,"type":"if","locations":[{"start":{"line":254,"column":8},"end":{"line":254,"column":8}},{"start":{"line":254,"column":8},"end":{"line":254,"column":8}}]},"15":{"line":255,"type":"if","locations":[{"start":{"line":255,"column":8},"end":{"line":255,"column":8}},{"start":{"line":255,"column":8},"end":{"line":255,"column":8}}]},"16":{"line":264,"type":"if","locations":[{"start":{"line":264,"column":12},"end":{"line":264,"column":12}},{"start":{"line":264,"column":12},"end":{"line":264,"column":12}}]},"17":{"line":265,"type":"if","locations":[{"start":{"line":265,"column":12},"end":{"line":265,"column":12}},{"start":{"line":265,"column":12},"end":{"line":265,"column":12}}]},"18":{"line":298,"type":"if","locations":[{"start":{"line":298,"column":15},"end":{"line":298,"column":15}},{"start":{"line":298,"column":15},"end":{"line":298,"column":15}}]},"19":{"line":298,"type":"if","locations":[{"start":{"line":298,"column":25},"end":{"line":298,"column":25}},{"start":{"line":298,"column":25},"end":{"line":298,"column":25}}]},"20":{"line":299,"type":"if","locations":[{"start":{"line":299,"column":8},"end":{"line":299,"column":8}},{"start":{"line":299,"column":8},"end":{"line":299,"column":8}}]},"21":{"line":328,"type":"if","locations":[{"start":{"line":328,"column":8},"end":{"line":328,"column":8}},{"start":{"line":328,"column":8},"end":{"line":328,"column":8}}]},"22":{"line":329,"type":"if","locations":[{"start":{"line":329,"column":8},"end":{"line":329,"column":8}},{"start":{"line":329,"column":8},"end":{"line":329,"column":8}}]},"23":{"line":330,"type":"if","locations":[{"start":{"line":330,"column":8},"end":{"line":330,"column":8}},{"start":{"line":330,"column":8},"end":{"line":330,"column":8}}]},"24":{"line":331,"type":"if","locations":[{"start":{"line":331,"column":8},"end":{"line":331,"column":8}},{"start":{"line":331,"column":8},"end":{"line":331,"column":8}}]},"25":{"line":332,"type":"if","locations":[{"start":{"line":332,"column":8},"end":{"line":332,"column":8}},{"start":{"line":332,"column":8},"end":{"line":332,"column":8}}]},"26":{"line":335,"type":"if","locations":[{"start":{"line":335,"column":8},"end":{"line":335,"column":8}},{"start":{"line":335,"column":8},"end":{"line":335,"column":8}}]},"27":{"line":339,"type":"if","locations":[{"start":{"line":339,"column":8},"end":{"line":339,"column":8}},{"start":{"line":339,"column":8},"end":{"line":339,"column":8}}]},"28":{"line":344,"type":"if","locations":[{"start":{"line":344,"column":12},"end":{"line":344,"column":12}},{"start":{"line":344,"column":12},"end":{"line":344,"column":12}}]},"29":{"line":365,"type":"if","locations":[{"start":{"line":365,"column":8},"end":{"line":365,"column":8}},{"start":{"line":365,"column":8},"end":{"line":365,"column":8}}]},"30":{"line":366,"type":"if","locations":[{"start":{"line":366,"column":8},"end":{"line":366,"column":8}},{"start":{"line":366,"column":8},"end":{"line":366,"column":8}}]},"31":{"line":367,"type":"if","locations":[{"start":{"line":367,"column":8},"end":{"line":367,"column":8}},{"start":{"line":367,"column":8},"end":{"line":367,"column":8}}]},"32":{"line":368,"type":"if","locations":[{"start":{"line":368,"column":8},"end":{"line":368,"column":8}},{"start":{"line":368,"column":8},"end":{"line":368,"column":8}}]},"33":{"line":370,"type":"if","locations":[{"start":{"line":370,"column":8},"end":{"line":370,"column":8}},{"start":{"line":370,"column":8},"end":{"line":370,"column":8}}]},"34":{"line":374,"type":"if","locations":[{"start":{"line":374,"column":8},"end":{"line":374,"column":8}},{"start":{"line":374,"column":8},"end":{"line":374,"column":8}}]},"35":{"line":401,"type":"if","locations":[{"start":{"line":401,"column":8},"end":{"line":401,"column":8}},{"start":{"line":401,"column":8},"end":{"line":401,"column":8}}]},"36":{"line":402,"type":"if","locations":[{"start":{"line":402,"column":8},"end":{"line":402,"column":8}},{"start":{"line":402,"column":8},"end":{"line":402,"column":8}}]},"37":{"line":404,"type":"if","locations":[{"start":{"line":404,"column":8},"end":{"line":404,"column":8}},{"start":{"line":404,"column":8},"end":{"line":404,"column":8}}]},"38":{"line":405,"type":"if","locations":[{"start":{"line":405,"column":8},"end":{"line":405,"column":8}},{"start":{"line":405,"column":8},"end":{"line":405,"column":8}}]},"39":{"line":406,"type":"if","locations":[{"start":{"line":406,"column":8},"end":{"line":406,"column":8}},{"start":{"line":406,"column":8},"end":{"line":406,"column":8}}]},"40":{"line":410,"type":"if","locations":[{"start":{"line":410,"column":8},"end":{"line":410,"column":8}},{"start":{"line":410,"column":8},"end":{"line":410,"column":8}}]},"41":{"line":438,"type":"if","locations":[{"start":{"line":438,"column":8},"end":{"line":438,"column":8}},{"start":{"line":438,"column":8},"end":{"line":438,"column":8}}]},"42":{"line":439,"type":"if","locations":[{"start":{"line":439,"column":8},"end":{"line":439,"column":8}},{"start":{"line":439,"column":8},"end":{"line":439,"column":8}}]},"43":{"line":440,"type":"if","locations":[{"start":{"line":440,"column":8},"end":{"line":440,"column":8}},{"start":{"line":440,"column":8},"end":{"line":440,"column":8}}]},"44":{"line":441,"type":"if","locations":[{"start":{"line":441,"column":8},"end":{"line":441,"column":8}},{"start":{"line":441,"column":8},"end":{"line":441,"column":8}}]},"45":{"line":442,"type":"if","locations":[{"start":{"line":442,"column":8},"end":{"line":442,"column":8}},{"start":{"line":442,"column":8},"end":{"line":442,"column":8}}]},"46":{"line":445,"type":"if","locations":[{"start":{"line":445,"column":8},"end":{"line":445,"column":8}},{"start":{"line":445,"column":8},"end":{"line":445,"column":8}}]},"47":{"line":449,"type":"if","locations":[{"start":{"line":449,"column":8},"end":{"line":449,"column":8}},{"start":{"line":449,"column":8},"end":{"line":449,"column":8}}]},"48":{"line":455,"type":"if","locations":[{"start":{"line":455,"column":12},"end":{"line":455,"column":12}},{"start":{"line":455,"column":12},"end":{"line":455,"column":12}}]},"49":{"line":476,"type":"if","locations":[{"start":{"line":476,"column":8},"end":{"line":476,"column":8}},{"start":{"line":476,"column":8},"end":{"line":476,"column":8}}]},"50":{"line":477,"type":"if","locations":[{"start":{"line":477,"column":8},"end":{"line":477,"column":8}},{"start":{"line":477,"column":8},"end":{"line":477,"column":8}}]},"51":{"line":478,"type":"if","locations":[{"start":{"line":478,"column":8},"end":{"line":478,"column":8}},{"start":{"line":478,"column":8},"end":{"line":478,"column":8}}]},"52":{"line":479,"type":"if","locations":[{"start":{"line":479,"column":8},"end":{"line":479,"column":8}},{"start":{"line":479,"column":8},"end":{"line":479,"column":8}}]},"53":{"line":481,"type":"if","locations":[{"start":{"line":481,"column":8},"end":{"line":481,"column":8}},{"start":{"line":481,"column":8},"end":{"line":481,"column":8}}]},"54":{"line":485,"type":"if","locations":[{"start":{"line":485,"column":8},"end":{"line":485,"column":8}},{"start":{"line":485,"column":8},"end":{"line":485,"column":8}}]},"55":{"line":512,"type":"if","locations":[{"start":{"line":512,"column":8},"end":{"line":512,"column":8}},{"start":{"line":512,"column":8},"end":{"line":512,"column":8}}]},"56":{"line":513,"type":"if","locations":[{"start":{"line":513,"column":8},"end":{"line":513,"column":8}},{"start":{"line":513,"column":8},"end":{"line":513,"column":8}}]},"57":{"line":515,"type":"if","locations":[{"start":{"line":515,"column":8},"end":{"line":515,"column":8}},{"start":{"line":515,"column":8},"end":{"line":515,"column":8}}]},"58":{"line":516,"type":"if","locations":[{"start":{"line":516,"column":8},"end":{"line":516,"column":8}},{"start":{"line":516,"column":8},"end":{"line":516,"column":8}}]},"59":{"line":520,"type":"if","locations":[{"start":{"line":520,"column":8},"end":{"line":520,"column":8}},{"start":{"line":520,"column":8},"end":{"line":520,"column":8}}]},"60":{"line":549,"type":"if","locations":[{"start":{"line":549,"column":8},"end":{"line":549,"column":8}},{"start":{"line":549,"column":8},"end":{"line":549,"column":8}}]},"61":{"line":550,"type":"if","locations":[{"start":{"line":550,"column":8},"end":{"line":550,"column":8}},{"start":{"line":550,"column":8},"end":{"line":550,"column":8}}]},"62":{"line":551,"type":"if","locations":[{"start":{"line":551,"column":8},"end":{"line":551,"column":8}},{"start":{"line":551,"column":8},"end":{"line":551,"column":8}}]},"63":{"line":552,"type":"if","locations":[{"start":{"line":552,"column":8},"end":{"line":552,"column":8}},{"start":{"line":552,"column":8},"end":{"line":552,"column":8}}]},"64":{"line":553,"type":"if","locations":[{"start":{"line":553,"column":8},"end":{"line":553,"column":8}},{"start":{"line":553,"column":8},"end":{"line":553,"column":8}}]},"65":{"line":556,"type":"if","locations":[{"start":{"line":556,"column":8},"end":{"line":556,"column":8}},{"start":{"line":556,"column":8},"end":{"line":556,"column":8}}]},"66":{"line":560,"type":"if","locations":[{"start":{"line":560,"column":8},"end":{"line":560,"column":8}},{"start":{"line":560,"column":8},"end":{"line":560,"column":8}}]},"67":{"line":579,"type":"if","locations":[{"start":{"line":579,"column":12},"end":{"line":579,"column":12}},{"start":{"line":579,"column":12},"end":{"line":579,"column":12}}]},"68":{"line":586,"type":"if","locations":[{"start":{"line":586,"column":8},"end":{"line":586,"column":8}},{"start":{"line":586,"column":8},"end":{"line":586,"column":8}}]},"69":{"line":606,"type":"if","locations":[{"start":{"line":606,"column":8},"end":{"line":606,"column":8}},{"start":{"line":606,"column":8},"end":{"line":606,"column":8}}]},"70":{"line":607,"type":"if","locations":[{"start":{"line":607,"column":8},"end":{"line":607,"column":8}},{"start":{"line":607,"column":8},"end":{"line":607,"column":8}}]},"71":{"line":608,"type":"if","locations":[{"start":{"line":608,"column":8},"end":{"line":608,"column":8}},{"start":{"line":608,"column":8},"end":{"line":608,"column":8}}]},"72":{"line":609,"type":"if","locations":[{"start":{"line":609,"column":8},"end":{"line":609,"column":8}},{"start":{"line":609,"column":8},"end":{"line":609,"column":8}}]},"73":{"line":611,"type":"if","locations":[{"start":{"line":611,"column":8},"end":{"line":611,"column":8}},{"start":{"line":611,"column":8},"end":{"line":611,"column":8}}]},"74":{"line":615,"type":"if","locations":[{"start":{"line":615,"column":8},"end":{"line":615,"column":8}},{"start":{"line":615,"column":8},"end":{"line":615,"column":8}}]},"75":{"line":645,"type":"if","locations":[{"start":{"line":645,"column":8},"end":{"line":645,"column":8}},{"start":{"line":645,"column":8},"end":{"line":645,"column":8}}]},"76":{"line":646,"type":"if","locations":[{"start":{"line":646,"column":8},"end":{"line":646,"column":8}},{"start":{"line":646,"column":8},"end":{"line":646,"column":8}}]},"77":{"line":648,"type":"if","locations":[{"start":{"line":648,"column":8},"end":{"line":648,"column":8}},{"start":{"line":648,"column":8},"end":{"line":648,"column":8}}]},"78":{"line":649,"type":"if","locations":[{"start":{"line":649,"column":8},"end":{"line":649,"column":8}},{"start":{"line":649,"column":8},"end":{"line":649,"column":8}}]},"79":{"line":653,"type":"if","locations":[{"start":{"line":653,"column":8},"end":{"line":653,"column":8}},{"start":{"line":653,"column":8},"end":{"line":653,"column":8}}]},"80":{"line":684,"type":"if","locations":[{"start":{"line":684,"column":8},"end":{"line":684,"column":8}},{"start":{"line":684,"column":8},"end":{"line":684,"column":8}}]},"81":{"line":685,"type":"if","locations":[{"start":{"line":685,"column":8},"end":{"line":685,"column":8}},{"start":{"line":685,"column":8},"end":{"line":685,"column":8}}]},"82":{"line":686,"type":"if","locations":[{"start":{"line":686,"column":8},"end":{"line":686,"column":8}},{"start":{"line":686,"column":8},"end":{"line":686,"column":8}}]},"83":{"line":687,"type":"if","locations":[{"start":{"line":687,"column":8},"end":{"line":687,"column":8}},{"start":{"line":687,"column":8},"end":{"line":687,"column":8}}]},"84":{"line":688,"type":"if","locations":[{"start":{"line":688,"column":8},"end":{"line":688,"column":8}},{"start":{"line":688,"column":8},"end":{"line":688,"column":8}}]},"85":{"line":691,"type":"if","locations":[{"start":{"line":691,"column":8},"end":{"line":691,"column":8}},{"start":{"line":691,"column":8},"end":{"line":691,"column":8}}]},"86":{"line":695,"type":"if","locations":[{"start":{"line":695,"column":8},"end":{"line":695,"column":8}},{"start":{"line":695,"column":8},"end":{"line":695,"column":8}}]},"87":{"line":721,"type":"if","locations":[{"start":{"line":721,"column":8},"end":{"line":721,"column":8}},{"start":{"line":721,"column":8},"end":{"line":721,"column":8}}]},"88":{"line":722,"type":"if","locations":[{"start":{"line":722,"column":8},"end":{"line":722,"column":8}},{"start":{"line":722,"column":8},"end":{"line":722,"column":8}}]},"89":{"line":723,"type":"if","locations":[{"start":{"line":723,"column":8},"end":{"line":723,"column":8}},{"start":{"line":723,"column":8},"end":{"line":723,"column":8}}]},"90":{"line":724,"type":"if","locations":[{"start":{"line":724,"column":8},"end":{"line":724,"column":8}},{"start":{"line":724,"column":8},"end":{"line":724,"column":8}}]},"91":{"line":726,"type":"if","locations":[{"start":{"line":726,"column":8},"end":{"line":726,"column":8}},{"start":{"line":726,"column":8},"end":{"line":726,"column":8}}]},"92":{"line":730,"type":"if","locations":[{"start":{"line":730,"column":8},"end":{"line":730,"column":8}},{"start":{"line":730,"column":8},"end":{"line":730,"column":8}}]}}}}